# JRE version: OpenJDK Runtime Environment 18.9 (11.0.11+9) (build 11.0.11+9)
# Java VM: OpenJDK 64-Bit Server VM 18.9 (11.0.11+9, mixed mode, tiered, compressed oops, g1 gc, windows-amd64)
Heap:
 garbage-first heap   total 449536K, used 285786K [0x0000000740000000, 0x0000000800000000)
  region size 1024K, 44 young (45056K), 2 survivors (2048K)
 Metaspace       used 129728K, capacity 131336K, committed 137120K, reserved 1167360K
  class space    used 17270K, capacity 17933K, committed 19968K, reserved 1048576K
GC Heap History (20 events):
Event: 499700.586 GC heap before
{Heap before GC invocations=4042 (full 129):
 garbage-first heap   total 449536K, used 303690K [0x0000000740000000, 0x0000000800000000)
  region size 1024K, 60 young (61440K), 2 survivors (2048K)
 Metaspace       used 129728K, capacity 131336K, committed 137120K, reserved 1167360K
  class space    used 17270K, capacity 17933K, committed 19968K, reserved 1048576K
}
Event: 499700.592 GC heap after
{Heap after GC invocations=4043 (full 129):
 garbage-first heap   total 449536K, used 244308K [0x0000000740000000, 0x0000000800000000)
  region size 1024K, 2 young (2048K), 2 survivors (2048K)
 Metaspace       used 129728K, capacity 131336K, committed 137120K, reserved 1167360K
  class space    used 17270K, capacity 17933K, committed 19968K, reserved 1048576K
}
Event: 499768.770 GC heap before
{Heap before GC invocations=4043 (full 129):
 garbage-first heap   total 449536K, used 303700K [0x0000000740000000, 0x0000000800000000)
  region size 1024K, 60 young (61440K), 2 survivors (2048K)
 Metaspace       used 129728K, capacity 131336K, committed 137120K, reserved 1167360K
  class space    used 17270K, capacity 17933K, committed 19968K, reserved 1048576K
}
Event: 499768.775 GC heap after
{Heap after GC invocations=4044 (full 129):
 garbage-first heap   total 449536K, used 244297K [0x0000000740000000, 0x0000000800000000)
  region size 1024K, 2 young (2048K), 2 survivors (2048K)
 Metaspace       used 129728K, capacity 131336K, committed 137120K, reserved 1167360K
  class space    used 17270K, capacity 17933K, committed 19968K, reserved 1048576K
}
Event: 499836.479 GC heap before
{Heap before GC invocations=4044 (full 129):
 garbage-first heap   total 449536K, used 303689K [0x0000000740000000, 0x0000000800000000)
  region size 1024K, 60 young (61440K), 2 survivors (2048K)
 Metaspace       used 129728K, capacity 131336K, committed 137120K, reserved 1167360K
  class space    used 17270K, capacity 17933K, committed 19968K, reserved 1048576K
}
Event: 499836.485 GC heap after
{Heap after GC invocations=4045 (full 129):
 garbage-first heap   total 449536K, used 244285K [0x0000000740000000, 0x0000000800000000)
  region size 1024K, 2 young (2048K), 2 survivors (2048K)
 Metaspace       used 129728K, capacity 131336K, committed 137120K, reserved 1167360K
  class space    used 17270K, capacity 17933K, committed 19968K, reserved 1048576K
}
Event: 499904.056 GC heap before
{Heap before GC invocations=4045 (full 129):
 garbage-first heap   total 449536K, used 303677K [0x0000000740000000, 0x0000000800000000)
  region size 1024K, 60 young (61440K), 2 survivors (2048K)
 Metaspace       used 129728K, capacity 131336K, committed 137120K, reserved 1167360K
  class space    used 17270K, capacity 17933K, committed 19968K, reserved 1048576K
}
Event: 499904.061 GC heap after
{Heap after GC invocations=4046 (full 129):
 garbage-first heap   total 449536K, used 244339K [0x0000000740000000, 0x0000000800000000)
  region size 1024K, 2 young (2048K), 2 survivors (2048K)
 Metaspace       used 129728K, capacity 131336K, committed 137120K, reserved 1167360K
  class space    used 17270K, capacity 17933K, committed 19968K, reserved 1048576K
}
Event: 499909.674 GC heap before
{Heap before GC invocations=4046 (full 129):
 garbage-first heap   total 449536K, used 249459K [0x0000000740000000, 0x0000000800000000)
  region size 1024K, 8 young (8192K), 2 survivors (2048K)
 Metaspace       used 129728K, capacity 131336K, committed 137120K, reserved 1167360K
  class space    used 17270K, capacity 17933K, committed 19968K, reserved 1048576K
}
Event: 499909.839 GC heap after
{Heap after GC invocations=4047 (full 130):
 garbage-first heap   total 449536K, used 242443K [0x0000000740000000, 0x0000000800000000)
  region size 1024K, 0 young (0K), 0 survivors (0K)
 Metaspace       used 129728K, capacity 131336K, committed 137120K, reserved 1167360K
  class space    used 17270K, capacity 17933K, committed 19968K, reserved 1048576K
}
Event: 499979.045 GC heap before
{Heap before GC invocations=4047 (full 130):
 garbage-first heap   total 449536K, used 303883K [0x0000000740000000, 0x0000000800000000)
  region size 1024K, 60 young (61440K), 0 survivors (0K)
 Metaspace       used 129728K, capacity 131336K, committed 137120K, reserved 1167360K
  class space    used 17270K, capacity 17933K, committed 19968K, reserved 1048576K
}
Event: 499979.053 GC heap after
{Heap after GC invocations=4048 (full 130):
 garbage-first heap   total 449536K, used 243733K [0x0000000740000000, 0x0000000800000000)
  region size 1024K, 2 young (2048K), 2 survivors (2048K)
 Metaspace       used 129728K, capacity 131336K, committed 137120K, reserved 1167360K
  class space    used 17270K, capacity 17933K, committed 19968K, reserved 1048576K
}
Event: 500046.199 GC heap before
{Heap before GC invocations=4048 (full 130):
 garbage-first heap   total 449536K, used 303125K [0x0000000740000000, 0x0000000800000000)
  region size 1024K, 60 young (61440K), 2 survivors (2048K)
 Metaspace       used 129728K, capacity 131336K, committed 137120K, reserved 1167360K
  class space    used 17270K, capacity 17933K, committed 19968K, reserved 1048576K
}
Event: 500046.203 GC heap after
{Heap after GC invocations=4049 (full 130):
 garbage-first heap   total 449536K, used 243753K [0x0000000740000000, 0x0000000800000000)
  region size 1024K, 2 young (2048K), 2 survivors (2048K)
 Metaspace       used 129728K, capacity 131336K, committed 137120K, reserved 1167360K
  class space    used 17270K, capacity 17933K, committed 19968K, reserved 1048576K
}
Event: 500113.728 GC heap before
{Heap before GC invocations=4049 (full 130):
 garbage-first heap   total 449536K, used 303145K [0x0000000740000000, 0x0000000800000000)
  region size 1024K, 60 young (61440K), 2 survivors (2048K)
 Metaspace       used 129728K, capacity 131336K, committed 137120K, reserved 1167360K
  class space    used 17270K, capacity 17933K, committed 19968K, reserved 1048576K
}
Event: 500113.734 GC heap after
{Heap after GC invocations=4050 (full 130):
 garbage-first heap   total 449536K, used 243801K [0x0000000740000000, 0x0000000800000000)
  region size 1024K, 2 young (2048K), 2 survivors (2048K)
 Metaspace       used 129728K, capacity 131336K, committed 137120K, reserved 1167360K
  class space    used 17270K, capacity 17933K, committed 19968K, reserved 1048576K
}
Event: 500180.983 GC heap before
{Heap before GC invocations=4050 (full 130):
 garbage-first heap   total 449536K, used 303193K [0x0000000740000000, 0x0000000800000000)
  region size 1024K, 60 young (61440K), 2 survivors (2048K)
 Metaspace       used 129728K, capacity 131336K, committed 137120K, reserved 1167360K
  class space    used 17270K, capacity 17933K, committed 19968K, reserved 1048576K
}
Event: 500180.989 GC heap after
{Heap after GC invocations=4051 (full 130):
 garbage-first heap   total 449536K, used 243792K [0x0000000740000000, 0x0000000800000000)
  region size 1024K, 2 young (2048K), 2 survivors (2048K)
 Metaspace       used 129728K, capacity 131336K, committed 137120K, reserved 1167360K
  class space    used 17270K, capacity 17933K, committed 19968K, reserved 1048576K
}
Event: 500248.344 GC heap before
{Heap before GC invocations=4051 (full 130):
 garbage-first heap   total 449536K, used 303184K [0x0000000740000000, 0x0000000800000000)
  region size 1024K, 60 young (61440K), 2 survivors (2048K)
 Metaspace       used 129728K, capacity 131336K, committed 137120K, reserved 1167360K
  class space    used 17270K, capacity 17933K, committed 19968K, reserved 1048576K
}
Event: 500248.350 GC heap after
{Heap after GC invocations=4052 (full 130):
 garbage-first heap   total 449536K, used 243802K [0x0000000740000000, 0x0000000800000000)
  region size 1024K, 2 young (2048K), 2 survivors (2048K)
 Metaspace       used 129728K, capacity 131336K, committed 137120K, reserved 1167360K
  class space    used 17270K, capacity 17933K, committed 19968K, reserved 1048576K
}

